<?xml version="1.0" encoding="UTF-8"?>
<testng-results ignored="0" total="1" passed="1" failed="0" skipped="0">
  <reporter-output>
  </reporter-output>
  <suite started-at="2022-11-24T12:49:35 IST" name="Default suite" finished-at="2022-11-24T12:49:47 IST" duration-ms="12216">
    <groups>
    </groups>
    <test started-at="2022-11-24T12:49:35 IST" name="Default test" finished-at="2022-11-24T12:49:47 IST" duration-ms="12216">
      <class name="pom_scripts.actiLoginScript">
        <test-method signature="actiLogin()[pri:0, instance:pom_scripts.actiLoginScript@2df9b86]" started-at="2022-11-24T12:49:35 IST" name="actiLogin" finished-at="2022-11-24T12:49:47 IST" duration-ms="12190" status="PASS">
          <reporter-output>
          </reporter-output>
        </test-method> <!-- actiLogin -->
      </class> <!-- pom_scripts.actiLoginScript -->
    </test> <!-- Default test -->
  </suite> <!-- Default suite -->
</testng-results>
